<?xml version="1.0" encoding="utf-8"?>
<CoverageSession xmlns:xsd="http://www.w3.org/2001/XMLSchema" xmlns:xsi="http://www.w3.org/2001/XMLSchema-instance" Version="0.0.0.0">
  <Summary numSequencePoints="68" visitedSequencePoints="50" numBranchPoints="0" visitedBranchPoints="0" sequenceCoverage="73.53" branchCoverage="0.0" maxCyclomaticComplexity="8" minCyclomaticComplexity="1" maxCrapScore="10.37" minCrapScore="1" visitedClasses="2" numClasses="2" visitedMethods="5" numMethods="6" />
  <Modules>
    <Module>
      <Summary numSequencePoints="68" visitedSequencePoints="50" numBranchPoints="0" visitedBranchPoints="0" sequenceCoverage="73.53" branchCoverage="0.0" maxCyclomaticComplexity="8" minCyclomaticComplexity="1" maxCrapScore="10.37" minCrapScore="1" visitedClasses="2" numClasses="2" visitedMethods="5" numMethods="6" />
      <ModuleTime>0001-01-01T00:00:00</ModuleTime>
      <ModuleName>Assembly-CSharp</ModuleName>
      <Files>
        <File uid="1" fullPath="D:/Github/HoloRepository/Unity3D-ModelViewer/ModelViewer/Assets/Scripts/ModelRotationController.cs" />
      </Files>
      <Classes>
        <Class>
          <Summary numSequencePoints="59" visitedSequencePoints="42" numBranchPoints="0" visitedBranchPoints="0" sequenceCoverage="71.19" branchCoverage="0.0" maxCyclomaticComplexity="8" minCyclomaticComplexity="1" maxCrapScore="10.37" minCrapScore="1" visitedClasses="1" numClasses="1" visitedMethods="4" numMethods="5" />
          <FullName>ModelRotationController</FullName>
          <Methods>
            <Method visited="true" cyclomaticComplexity="1" nPathComplexity="0" sequenceCoverage="100.0" branchCoverage="0" crapScore="1" isConstructor="false" isStatic="false" isGetter="false" isSetter="false">
              <Summary numSequencePoints="3" visitedSequencePoints="3" numBranchPoints="0" visitedBranchPoints="0" sequenceCoverage="100.0" branchCoverage="0" maxCyclomaticComplexity="1" minCyclomaticComplexity="1" maxCrapScore="1" minCrapScore="1" visitedClasses="0" numClasses="0" visitedMethods="1" numMethods="1" />
              <MetadataToken>100663299</MetadataToken>
              <Name>System.Void ModelRotationController::ResetRotation()</Name>
              <FileRef uid="1" />
              <SequencePoints>
                <SequencePoint vc="3" uspid="1" ordinal="0" offset="0" sl="23" sc="33" el="23" ec="33" bec="0" bev="0" fileid="1" />
                <SequencePoint vc="3" uspid="2" ordinal="0" offset="1" sl="24" sc="9" el="24" ec="9" bec="0" bev="0" fileid="1" />
                <SequencePoint vc="3" uspid="3" ordinal="0" offset="26" sl="25" sc="5" el="25" ec="5" bec="0" bev="0" fileid="1" />
              </SequencePoints>
              <BranchPoints />
            </Method>
            <Method visited="false" cyclomaticComplexity="1" nPathComplexity="0" sequenceCoverage="0.0" branchCoverage="0" crapScore="2" isConstructor="false" isStatic="false" isGetter="false" isSetter="false">
              <Summary numSequencePoints="5" visitedSequencePoints="0" numBranchPoints="0" visitedBranchPoints="0" sequenceCoverage="0.0" branchCoverage="0" maxCyclomaticComplexity="1" minCyclomaticComplexity="1" maxCrapScore="2" minCrapScore="2" visitedClasses="0" numClasses="0" visitedMethods="0" numMethods="1" />
              <MetadataToken>100663300</MetadataToken>
              <Name>System.Void ModelRotationController::SyncRotation(System.String)</Name>
              <FileRef uid="1" />
              <SequencePoints>
                <SequencePoint vc="0" uspid="4" ordinal="0" offset="0" sl="27" sc="0" el="27" ec="0" bec="0" bev="0" fileid="1" />
                <SequencePoint vc="0" uspid="5" ordinal="0" offset="1" sl="28" sc="0" el="28" ec="0" bec="0" bev="0" fileid="1" />
                <SequencePoint vc="0" uspid="6" ordinal="0" offset="8" sl="29" sc="0" el="29" ec="0" bec="0" bev="0" fileid="1" />
                <SequencePoint vc="0" uspid="7" ordinal="0" offset="28" sl="31" sc="0" el="31" ec="0" bec="0" bev="0" fileid="1" />
                <SequencePoint vc="0" uspid="8" ordinal="0" offset="62" sl="32" sc="0" el="32" ec="0" bec="0" bev="0" fileid="1" />
              </SequencePoints>
              <BranchPoints />
            </Method>
            <Method visited="true" cyclomaticComplexity="8" nPathComplexity="0" sequenceCoverage="66.67" branchCoverage="0" crapScore="10.37" isConstructor="false" isStatic="false" isGetter="false" isSetter="false">
              <Summary numSequencePoints="18" visitedSequencePoints="12" numBranchPoints="0" visitedBranchPoints="0" sequenceCoverage="66.67" branchCoverage="0" maxCyclomaticComplexity="8" minCyclomaticComplexity="8" maxCrapScore="10.37" minCrapScore="10.37" visitedClasses="0" numClasses="0" visitedMethods="1" numMethods="1" />
              <MetadataToken>100663301</MetadataToken>
              <Name>System.Void ModelRotationController::Rotate90(System.String)</Name>
              <FileRef uid="1" />
              <SequencePoints>
                <SequencePoint vc="10" uspid="9" ordinal="0" offset="0" sl="34" sc="44" el="34" ec="44" bec="0" bev="0" fileid="1" />
                <SequencePoint vc="10" uspid="10" ordinal="0" offset="1" sl="35" sc="9" el="35" ec="9" bec="0" bev="0" fileid="1" />
                <SequencePoint vc="0" uspid="11" ordinal="0" offset="11" sl="35" sc="25" el="35" ec="25" bec="0" bev="0" fileid="1" />
                <SequencePoint vc="0" uspid="12" ordinal="0" offset="12" sl="36" sc="13" el="36" ec="13" bec="0" bev="0" fileid="1" />
                <SequencePoint vc="10" uspid="13" ordinal="0" offset="17" sl="39" sc="9" el="39" ec="9" bec="0" bev="0" fileid="1" />
                <SequencePoint vc="2" uspid="14" ordinal="0" offset="116" sl="41" sc="17" el="41" ec="17" bec="0" bev="0" fileid="1" />
                <SequencePoint vc="2" uspid="15" ordinal="0" offset="149" sl="42" sc="17" el="42" ec="17" bec="0" bev="0" fileid="1" />
                <SequencePoint vc="2" uspid="16" ordinal="0" offset="154" sl="44" sc="17" el="44" ec="17" bec="0" bev="0" fileid="1" />
                <SequencePoint vc="2" uspid="17" ordinal="0" offset="187" sl="45" sc="17" el="45" ec="17" bec="0" bev="0" fileid="1" />
                <SequencePoint vc="2" uspid="18" ordinal="0" offset="192" sl="47" sc="17" el="47" ec="17" bec="0" bev="0" fileid="1" />
                <SequencePoint vc="2" uspid="19" ordinal="0" offset="225" sl="48" sc="17" el="48" ec="17" bec="0" bev="0" fileid="1" />
                <SequencePoint vc="4" uspid="20" ordinal="0" offset="227" sl="50" sc="17" el="50" ec="17" bec="0" bev="0" fileid="1" />
                <SequencePoint vc="4" uspid="21" ordinal="0" offset="260" sl="51" sc="17" el="51" ec="17" bec="0" bev="0" fileid="1" />
                <SequencePoint vc="0" uspid="22" ordinal="0" offset="262" sl="53" sc="17" el="53" ec="17" bec="0" bev="0" fileid="1" />
                <SequencePoint vc="0" uspid="23" ordinal="0" offset="295" sl="54" sc="17" el="54" ec="17" bec="0" bev="0" fileid="1" />
                <SequencePoint vc="0" uspid="24" ordinal="0" offset="297" sl="56" sc="17" el="56" ec="17" bec="0" bev="0" fileid="1" />
                <SequencePoint vc="0" uspid="25" ordinal="0" offset="330" sl="57" sc="17" el="57" ec="17" bec="0" bev="0" fileid="1" />
                <SequencePoint vc="10" uspid="26" ordinal="0" offset="332" sl="60" sc="5" el="60" ec="5" bec="0" bev="0" fileid="1" />
              </SequencePoints>
              <BranchPoints />
            </Method>
            <Method visited="true" cyclomaticComplexity="8" nPathComplexity="0" sequenceCoverage="80.00" branchCoverage="0" crapScore="8.51" isConstructor="false" isStatic="false" isGetter="false" isSetter="false">
              <Summary numSequencePoints="30" visitedSequencePoints="24" numBranchPoints="0" visitedBranchPoints="0" sequenceCoverage="80.00" branchCoverage="0" maxCyclomaticComplexity="8" minCyclomaticComplexity="8" maxCrapScore="8.51" minCrapScore="8.51" visitedClasses="0" numClasses="0" visitedMethods="1" numMethods="1" />
              <MetadataToken>100663303</MetadataToken>
              <Name>System.Void ModelRotationController::Update()</Name>
              <FileRef uid="1" />
              <SequencePoints>
                <SequencePoint vc="5247" uspid="27" ordinal="0" offset="0" sl="75" sc="19" el="75" ec="19" bec="0" bev="0" fileid="1" />
                <SequencePoint vc="5247" uspid="28" ordinal="0" offset="1" sl="76" sc="9" el="76" ec="9" bec="0" bev="0" fileid="1" />
                <SequencePoint vc="2" uspid="29" ordinal="0" offset="15" sl="76" sc="36" el="76" ec="36" bec="0" bev="0" fileid="1" />
                <SequencePoint vc="2" uspid="30" ordinal="0" offset="16" sl="77" sc="13" el="77" ec="13" bec="0" bev="0" fileid="1" />
                <SequencePoint vc="2" uspid="31" ordinal="0" offset="28" sl="78" sc="9" el="78" ec="9" bec="0" bev="0" fileid="1" />
                <SequencePoint vc="5245" uspid="32" ordinal="0" offset="34" sl="78" sc="16" el="78" ec="16" bec="0" bev="0" fileid="1" />
                <SequencePoint vc="2" uspid="33" ordinal="0" offset="48" sl="78" sc="43" el="78" ec="43" bec="0" bev="0" fileid="1" />
                <SequencePoint vc="2" uspid="34" ordinal="0" offset="49" sl="79" sc="13" el="79" ec="13" bec="0" bev="0" fileid="1" />
                <SequencePoint vc="2" uspid="35" ordinal="0" offset="61" sl="80" sc="9" el="80" ec="9" bec="0" bev="0" fileid="1" />
                <SequencePoint vc="5243" uspid="36" ordinal="0" offset="67" sl="80" sc="16" el="80" ec="16" bec="0" bev="0" fileid="1" />
                <SequencePoint vc="2" uspid="37" ordinal="0" offset="81" sl="80" sc="43" el="80" ec="43" bec="0" bev="0" fileid="1" />
                <SequencePoint vc="2" uspid="38" ordinal="0" offset="82" sl="81" sc="13" el="81" ec="13" bec="0" bev="0" fileid="1" />
                <SequencePoint vc="2" uspid="39" ordinal="0" offset="94" sl="82" sc="9" el="82" ec="9" bec="0" bev="0" fileid="1" />
                <SequencePoint vc="5241" uspid="40" ordinal="0" offset="97" sl="82" sc="16" el="82" ec="16" bec="0" bev="0" fileid="1" />
                <SequencePoint vc="4" uspid="41" ordinal="0" offset="111" sl="82" sc="43" el="82" ec="43" bec="0" bev="0" fileid="1" />
                <SequencePoint vc="4" uspid="42" ordinal="0" offset="112" sl="83" sc="13" el="83" ec="13" bec="0" bev="0" fileid="1" />
                <SequencePoint vc="4" uspid="43" ordinal="0" offset="124" sl="84" sc="9" el="84" ec="9" bec="0" bev="0" fileid="1" />
                <SequencePoint vc="5237" uspid="44" ordinal="0" offset="127" sl="84" sc="16" el="84" ec="16" bec="0" bev="0" fileid="1" />
                <SequencePoint vc="0" uspid="45" ordinal="0" offset="143" sl="84" sc="43" el="84" ec="43" bec="0" bev="0" fileid="1" />
                <SequencePoint vc="0" uspid="46" ordinal="0" offset="144" sl="85" sc="13" el="85" ec="13" bec="0" bev="0" fileid="1" />
                <SequencePoint vc="0" uspid="47" ordinal="0" offset="156" sl="86" sc="9" el="86" ec="9" bec="0" bev="0" fileid="1" />
                <SequencePoint vc="5237" uspid="48" ordinal="0" offset="159" sl="86" sc="16" el="86" ec="16" bec="0" bev="0" fileid="1" />
                <SequencePoint vc="0" uspid="49" ordinal="0" offset="175" sl="86" sc="43" el="86" ec="43" bec="0" bev="0" fileid="1" />
                <SequencePoint vc="0" uspid="50" ordinal="0" offset="176" sl="87" sc="13" el="87" ec="13" bec="0" bev="0" fileid="1" />
                <SequencePoint vc="0" uspid="51" ordinal="0" offset="188" sl="88" sc="9" el="88" ec="9" bec="0" bev="0" fileid="1" />
                <SequencePoint vc="5237" uspid="52" ordinal="0" offset="191" sl="88" sc="16" el="88" ec="16" bec="0" bev="0" fileid="1" />
                <SequencePoint vc="3" uspid="53" ordinal="0" offset="207" sl="88" sc="47" el="88" ec="47" bec="0" bev="0" fileid="1" />
                <SequencePoint vc="3" uspid="54" ordinal="0" offset="208" sl="89" sc="13" el="89" ec="13" bec="0" bev="0" fileid="1" />
                <SequencePoint vc="3" uspid="55" ordinal="0" offset="215" sl="90" sc="9" el="90" ec="9" bec="0" bev="0" fileid="1" />
                <SequencePoint vc="5247" uspid="56" ordinal="0" offset="216" sl="91" sc="5" el="91" ec="5" bec="0" bev="0" fileid="1" />
              </SequencePoints>
              <BranchPoints />
            </Method>
            <Method visited="true" cyclomaticComplexity="1" nPathComplexity="0" sequenceCoverage="100.0" branchCoverage="0" crapScore="1" isConstructor="true" isStatic="false" isGetter="false" isSetter="false">
              <Summary numSequencePoints="3" visitedSequencePoints="3" numBranchPoints="0" visitedBranchPoints="0" sequenceCoverage="100.0" branchCoverage="0" maxCyclomaticComplexity="1" minCyclomaticComplexity="1" maxCrapScore="1" minCrapScore="1" visitedClasses="0" numClasses="0" visitedMethods="1" numMethods="1" />
              <MetadataToken>100663304</MetadataToken>
              <Name>ModelRotationController::ModelRotationController()</Name>
              <FileRef uid="1" />
              <SequencePoints>
                <SequencePoint vc="2" uspid="57" ordinal="0" offset="0" sl="10" sc="22" el="10" ec="22" bec="0" bev="0" fileid="1" />
                <SequencePoint vc="2" uspid="58" ordinal="0" offset="11" sl="11" sc="22" el="11" ec="22" bec="0" bev="0" fileid="1" />
                <SequencePoint vc="2" uspid="59" ordinal="0" offset="22" sl="14" sc="5" el="14" ec="5" bec="0" bev="0" fileid="1" />
              </SequencePoints>
              <BranchPoints />
            </Method>
          </Methods>
        </Class>
        <Class>
          <Summary numSequencePoints="9" visitedSequencePoints="8" numBranchPoints="0" visitedBranchPoints="0" sequenceCoverage="88.89" branchCoverage="0.0" maxCyclomaticComplexity="3" minCyclomaticComplexity="3" maxCrapScore="3.01" minCrapScore="3.01" visitedClasses="1" numClasses="1" visitedMethods="1" numMethods="1" />
          <FullName>ModelRotationController/&lt;Rotate&gt;d__8</FullName>
          <Methods>
            <Method visited="true" cyclomaticComplexity="3" nPathComplexity="0" sequenceCoverage="88.89" branchCoverage="0" crapScore="3.01" isConstructor="false" isStatic="false" isGetter="false" isSetter="false">
              <Summary numSequencePoints="9" visitedSequencePoints="8" numBranchPoints="0" visitedBranchPoints="0" sequenceCoverage="88.89" branchCoverage="0" maxCyclomaticComplexity="3" minCyclomaticComplexity="3" maxCrapScore="3.01" minCrapScore="3.01" visitedClasses="0" numClasses="0" visitedMethods="1" numMethods="1" />
              <MetadataToken>100663307</MetadataToken>
              <Name>System.Boolean ModelRotationController/&lt;Rotate&gt;d__8::MoveNext()</Name>
              <FileRef uid="1" />
              <SequencePoints>
                <SequencePoint vc="10" uspid="60" ordinal="0" offset="31" sl="62" sc="43" el="62" ec="43" bec="0" bev="0" fileid="1" />
                <SequencePoint vc="10" uspid="61" ordinal="0" offset="32" sl="63" sc="9" el="63" ec="9" bec="0" bev="0" fileid="1" />
                <SequencePoint vc="10" uspid="62" ordinal="0" offset="44" sl="64" sc="9" el="64" ec="9" bec="0" bev="0" fileid="1" />
                <SequencePoint vc="10" uspid="63" ordinal="0" offset="89" sl="65" sc="9" el="65" ec="9" bec="0" bev="0" fileid="1" />
                <SequencePoint vc="10" uspid="64" ordinal="0" offset="122" sl="66" sc="9" el="66" ec="9" bec="0" bev="0" fileid="1" />
                <SequencePoint vc="10" uspid="65" ordinal="0" offset="134" sl="68" sc="9" el="68" ec="9" bec="0" bev="0" fileid="1" />
                <SequencePoint vc="10" uspid="66" ordinal="0" offset="156" sl="69" sc="9" el="69" ec="9" bec="0" bev="0" fileid="1" />
                <SequencePoint vc="10" uspid="67" ordinal="0" offset="210" sl="70" sc="9" el="70" ec="9" bec="0" bev="0" fileid="1" />
                <SequencePoint vc="0" uspid="68" ordinal="0" offset="249" sl="71" sc="5" el="71" ec="5" bec="0" bev="0" fileid="1" />
              </SequencePoints>
              <BranchPoints />
            </Method>
          </Methods>
        </Class>
      </Classes>
    </Module>
  </Modules>
</CoverageSession>